2022-10-27 00:00:07,339 ERROR 40271 [-/127.0.0.1/-/3ms GET /] nodejs.Error: Please set config.keys first
    at Application.get keys [as keys] (/Users/liuyibo/project/learn/egg-example/node_modules/egg/lib/application.js:269:15)
    at Object.get cookies [as cookies] (/Users/liuyibo/project/learn/egg-example/node_modules/egg/app/extend/context.js:23:66)
    at Object.get [egg-security#CSRF_SECRET] (/Users/liuyibo/project/learn/egg-example/node_modules/egg-security/app/extend/context.js:91:35)
    at Object.ensureCsrfSecret (/Users/liuyibo/project/learn/egg-example/node_modules/egg-security/app/extend/context.js:104:13)
    at csrf (/Users/liuyibo/project/learn/egg-example/node_modules/egg-security/lib/middlewares/csrf.js:15:11)
    at dispatch (/Users/liuyibo/project/learn/egg-example/node_modules/egg-security/node_modules/koa-compose/index.js:42:32)
    at /Users/liuyibo/project/learn/egg-example/node_modules/egg-security/node_modules/koa-compose/index.js:34:12
    at dispatch (/Users/liuyibo/project/learn/egg-example/node_modules/koa/node_modules/koa-compose/index.js:42:32)
    at session (/Users/liuyibo/project/learn/egg-example/node_modules/koa-session/index.js:41:13)
    at dispatch (/Users/liuyibo/project/learn/egg-example/node_modules/koa/node_modules/koa-compose/index.js:42:32)

pid: 40271
hostname: liuyibodeMacBook-Pro.local

2022-10-27 00:00:57,609 ERROR 40295 [-/127.0.0.1/-/3ms GET /] nodejs.Error: Please set config.keys first
    at Application.get keys [as keys] (/Users/liuyibo/project/learn/egg-example/node_modules/egg/lib/application.js:269:15)
    at Object.get cookies [as cookies] (/Users/liuyibo/project/learn/egg-example/node_modules/egg/app/extend/context.js:23:66)
    at Object.get [egg-security#CSRF_SECRET] (/Users/liuyibo/project/learn/egg-example/node_modules/egg-security/app/extend/context.js:91:35)
    at Object.ensureCsrfSecret (/Users/liuyibo/project/learn/egg-example/node_modules/egg-security/app/extend/context.js:104:13)
    at csrf (/Users/liuyibo/project/learn/egg-example/node_modules/egg-security/lib/middlewares/csrf.js:15:11)
    at dispatch (/Users/liuyibo/project/learn/egg-example/node_modules/egg-security/node_modules/koa-compose/index.js:42:32)
    at /Users/liuyibo/project/learn/egg-example/node_modules/egg-security/node_modules/koa-compose/index.js:34:12
    at dispatch (/Users/liuyibo/project/learn/egg-example/node_modules/koa/node_modules/koa-compose/index.js:42:32)
    at session (/Users/liuyibo/project/learn/egg-example/node_modules/koa-session/index.js:41:13)
    at dispatch (/Users/liuyibo/project/learn/egg-example/node_modules/koa/node_modules/koa-compose/index.js:42:32)

pid: 40295
hostname: liuyibodeMacBook-Pro.local

2022-10-27 00:00:58,603 ERROR 40295 [-/127.0.0.1/-/2ms GET /] nodejs.Error: Please set config.keys first
    at Application.get keys [as keys] (/Users/liuyibo/project/learn/egg-example/node_modules/egg/lib/application.js:269:15)
    at Object.get cookies [as cookies] (/Users/liuyibo/project/learn/egg-example/node_modules/egg/app/extend/context.js:23:66)
    at Object.get [egg-security#CSRF_SECRET] (/Users/liuyibo/project/learn/egg-example/node_modules/egg-security/app/extend/context.js:91:35)
    at Object.ensureCsrfSecret (/Users/liuyibo/project/learn/egg-example/node_modules/egg-security/app/extend/context.js:104:13)
    at csrf (/Users/liuyibo/project/learn/egg-example/node_modules/egg-security/lib/middlewares/csrf.js:15:11)
    at dispatch (/Users/liuyibo/project/learn/egg-example/node_modules/egg-security/node_modules/koa-compose/index.js:42:32)
    at /Users/liuyibo/project/learn/egg-example/node_modules/egg-security/node_modules/koa-compose/index.js:34:12
    at dispatch (/Users/liuyibo/project/learn/egg-example/node_modules/koa/node_modules/koa-compose/index.js:42:32)
    at session (/Users/liuyibo/project/learn/egg-example/node_modules/koa-session/index.js:41:13)
    at dispatch (/Users/liuyibo/project/learn/egg-example/node_modules/koa/node_modules/koa-compose/index.js:42:32)

pid: 40295
hostname: liuyibodeMacBook-Pro.local

2022-10-27 01:44:25,921 ERROR 40267 nodejs.ClusterClientNoResponseError: client no response in 3802189ms exceeding maxIdleTime 60000ms, maybe the connection is close on other side.
    at Timeout._onTimeout (/Users/liuyibo/project/learn/egg-example/node_modules/cluster-client/lib/leader.js:77:23)
    at listOnTimeout (node:internal/timers:557:17)
    at processTimers (node:internal/timers:500:7)
name: "ClusterClientNoResponseError"
pid: 40267
hostname: liuyibodeMacBook-Pro.local

2022-10-27 02:48:09,133 ERROR 40267 nodejs.ClusterClientNoResponseError: client no response in 3823181ms exceeding maxIdleTime 60000ms, maybe the connection is close on other side.
    at Timeout._onTimeout (/Users/liuyibo/project/learn/egg-example/node_modules/cluster-client/lib/leader.js:77:23)
    at listOnTimeout (node:internal/timers:557:17)
    at processTimers (node:internal/timers:500:7)
name: "ClusterClientNoResponseError"
pid: 40267
hostname: liuyibodeMacBook-Pro.local

2022-10-27 04:55:32,452 ERROR 40267 nodejs.ClusterClientNoResponseError: client no response in 3820003ms exceeding maxIdleTime 60000ms, maybe the connection is close on other side.
    at Timeout._onTimeout (/Users/liuyibo/project/learn/egg-example/node_modules/cluster-client/lib/leader.js:77:23)
    at listOnTimeout (node:internal/timers:557:17)
    at processTimers (node:internal/timers:500:7)
name: "ClusterClientNoResponseError"
pid: 40267
hostname: liuyibodeMacBook-Pro.local

2022-10-27 09:56:54,435 ERROR 40267 nodejs.ClusterClientNoResponseError: client no response in 2798294ms exceeding maxIdleTime 60000ms, maybe the connection is close on other side.
    at Timeout._onTimeout (/Users/liuyibo/project/learn/egg-example/node_modules/cluster-client/lib/leader.js:77:23)
    at listOnTimeout (node:internal/timers:557:17)
    at processTimers (node:internal/timers:500:7)
name: "ClusterClientNoResponseError"
pid: 40267
hostname: liuyibodeMacBook-Pro.local

2022-10-27 10:47:57,789 ERROR 40267 nodejs.ClusterClientNoResponseError: client no response in 334366ms exceeding maxIdleTime 60000ms, maybe the connection is close on other side.
    at Timeout._onTimeout (/Users/liuyibo/project/learn/egg-example/node_modules/cluster-client/lib/leader.js:77:23)
    at listOnTimeout (node:internal/timers:557:17)
    at processTimers (node:internal/timers:500:7)
name: "ClusterClientNoResponseError"
pid: 40267
hostname: liuyibodeMacBook-Pro.local

2023-04-02 17:34:45,395 ERROR 32250 nodejs.ClusterClientNoResponseError: client no response in 520696ms exceeding maxIdleTime 60000ms, maybe the connection is close on other side.
    at Timeout._onTimeout (/Users/liuyibo/project/learn/test-cli/lyb-cli/example/egg-vue2-example/node_modules/cluster-client/lib/leader.js:79:25)
    at listOnTimeout (node:internal/timers:557:17)
    at processTimers (node:internal/timers:500:7)
name: "ClusterClientNoResponseError"
pid: 32250
hostname: liuyibodeMacBook-Pro.local

2023-04-02 17:58:02,956 ERROR 32250 nodejs.ClusterClientNoResponseError: client no response in 297555ms exceeding maxIdleTime 60000ms, maybe the connection is close on other side.
    at Timeout._onTimeout (/Users/liuyibo/project/learn/test-cli/lyb-cli/example/egg-vue2-example/node_modules/cluster-client/lib/leader.js:79:25)
    at listOnTimeout (node:internal/timers:557:17)
    at processTimers (node:internal/timers:500:7)
name: "ClusterClientNoResponseError"
pid: 32250
hostname: liuyibodeMacBook-Pro.local

