2022-10-27 00:00:04,593 INFO 40267 [Timer] /Users/liuyibo/project/learn/egg-example/node_modules/egg-multipart/app/schedule/clean_tmpdir.js next time will execute after 16195408ms at 2022-10-27 04:30:00.001
2022-10-27 00:00:04,595 INFO 40267 [Timer] /Users/liuyibo/project/learn/egg-example/node_modules/egg-logrotator/app/schedule/clean_log.js next time will execute after 86395407ms at 2022-10-28 00:00:00.002
2022-10-27 00:00:04,596 INFO 40267 [Timer] /Users/liuyibo/project/learn/egg-example/node_modules/egg-logrotator/app/schedule/rotate_by_file.js next time will execute after 86396405ms at 2022-10-28 00:00:01.001
2022-10-27 00:00:04,505 INFO 40271 [egg-schedule]: register schedule /Users/liuyibo/project/learn/egg-example/node_modules/egg-multipart/app/schedule/clean_tmpdir.js
2022-10-27 00:00:04,505 INFO 40271 [egg-schedule]: register schedule /Users/liuyibo/project/learn/egg-example/node_modules/egg-logrotator/app/schedule/clean_log.js
2022-10-27 00:00:04,505 INFO 40271 [egg-schedule]: register schedule /Users/liuyibo/project/learn/egg-example/node_modules/egg-logrotator/app/schedule/rotate_by_file.js
2022-10-27 00:00:47,305 INFO 40284 [egg-schedule]: register schedule /Users/liuyibo/project/learn/egg-example/node_modules/egg-multipart/app/schedule/clean_tmpdir.js
2022-10-27 00:00:47,305 INFO 40284 [egg-schedule]: register schedule /Users/liuyibo/project/learn/egg-example/node_modules/egg-logrotator/app/schedule/clean_log.js
2022-10-27 00:00:47,305 INFO 40284 [egg-schedule]: register schedule /Users/liuyibo/project/learn/egg-example/node_modules/egg-logrotator/app/schedule/rotate_by_file.js
2022-10-27 00:00:56,241 INFO 40295 [egg-schedule]: register schedule /Users/liuyibo/project/learn/egg-example/node_modules/egg-multipart/app/schedule/clean_tmpdir.js
2022-10-27 00:00:56,241 INFO 40295 [egg-schedule]: register schedule /Users/liuyibo/project/learn/egg-example/node_modules/egg-logrotator/app/schedule/clean_log.js
2022-10-27 00:00:56,241 INFO 40295 [egg-schedule]: register schedule /Users/liuyibo/project/learn/egg-example/node_modules/egg-logrotator/app/schedule/rotate_by_file.js
2022-10-27 00:01:28,577 INFO 40305 [egg-schedule]: register schedule /Users/liuyibo/project/learn/egg-example/node_modules/egg-multipart/app/schedule/clean_tmpdir.js
2022-10-27 00:01:28,577 INFO 40305 [egg-schedule]: register schedule /Users/liuyibo/project/learn/egg-example/node_modules/egg-logrotator/app/schedule/clean_log.js
2022-10-27 00:01:28,577 INFO 40305 [egg-schedule]: register schedule /Users/liuyibo/project/learn/egg-example/node_modules/egg-logrotator/app/schedule/rotate_by_file.js
2022-10-27 00:08:23,527 INFO 40399 [egg-schedule]: register schedule /Users/liuyibo/project/learn/egg-example/node_modules/egg-multipart/app/schedule/clean_tmpdir.js
2022-10-27 00:08:23,527 INFO 40399 [egg-schedule]: register schedule /Users/liuyibo/project/learn/egg-example/node_modules/egg-logrotator/app/schedule/clean_log.js
2022-10-27 00:08:23,527 INFO 40399 [egg-schedule]: register schedule /Users/liuyibo/project/learn/egg-example/node_modules/egg-logrotator/app/schedule/rotate_by_file.js
2022-10-27 04:55:32,451 INFO 40267 [Timer] /Users/liuyibo/project/learn/egg-example/node_modules/egg-multipart/app/schedule/clean_tmpdir.js next time will execute after 84867553ms at 2022-10-28 04:30:00.004
2022-10-27 04:55:32,453 INFO 40399 [Job#1666817732447381015118645411] /Users/liuyibo/project/learn/egg-example/node_modules/egg-multipart/app/schedule/clean_tmpdir.js executing by app
2022-10-27 04:55:32,624 INFO 40399 [Job#1666817732447381015118645411] /Users/liuyibo/project/learn/egg-example/node_modules/egg-multipart/app/schedule/clean_tmpdir.js execute succeed, used 170ms. 
2023-04-02 00:03:55,919 INFO 30071 [Timer] /Users/liuyibo/project/learn/test-cli/lyb-cli/example/egg-vue2-example/node_modules/egg-multipart/app/schedule/clean_tmpdir.js next time will execute after 15964083ms at 2023-04-02 04:30:00.002
2023-04-02 00:03:55,920 INFO 30071 [Timer] /Users/liuyibo/project/learn/test-cli/lyb-cli/example/egg-vue2-example/node_modules/egg-logrotator/app/schedule/clean_log.js next time will execute after 86164081ms at 2023-04-03 00:00:00.001
2023-04-02 00:03:55,920 INFO 30071 [Timer] /Users/liuyibo/project/learn/test-cli/lyb-cli/example/egg-vue2-example/node_modules/egg-logrotator/app/schedule/rotate_by_file.js next time will execute after 86165080ms at 2023-04-03 00:00:01.000
2023-04-02 00:03:55,843 INFO 30072 [egg-schedule]: register schedule /Users/liuyibo/project/learn/test-cli/lyb-cli/example/egg-vue2-example/node_modules/egg-multipart/app/schedule/clean_tmpdir.js
2023-04-02 00:03:55,843 INFO 30072 [egg-schedule]: register schedule /Users/liuyibo/project/learn/test-cli/lyb-cli/example/egg-vue2-example/node_modules/egg-logrotator/app/schedule/clean_log.js
2023-04-02 00:03:55,843 INFO 30072 [egg-schedule]: register schedule /Users/liuyibo/project/learn/test-cli/lyb-cli/example/egg-vue2-example/node_modules/egg-logrotator/app/schedule/rotate_by_file.js
2023-04-02 00:05:17,916 INFO 30096 [egg-schedule]: register schedule /Users/liuyibo/project/learn/test-cli/lyb-cli/example/egg-vue2-example/node_modules/egg-multipart/app/schedule/clean_tmpdir.js
2023-04-02 00:05:17,916 INFO 30096 [egg-schedule]: register schedule /Users/liuyibo/project/learn/test-cli/lyb-cli/example/egg-vue2-example/node_modules/egg-logrotator/app/schedule/clean_log.js
2023-04-02 00:05:17,916 INFO 30096 [egg-schedule]: register schedule /Users/liuyibo/project/learn/test-cli/lyb-cli/example/egg-vue2-example/node_modules/egg-logrotator/app/schedule/rotate_by_file.js
2023-04-02 00:05:45,262 INFO 30112 [egg-schedule]: register schedule /Users/liuyibo/project/learn/test-cli/lyb-cli/example/egg-vue2-example/node_modules/egg-multipart/app/schedule/clean_tmpdir.js
2023-04-02 00:05:45,262 INFO 30112 [egg-schedule]: register schedule /Users/liuyibo/project/learn/test-cli/lyb-cli/example/egg-vue2-example/node_modules/egg-logrotator/app/schedule/clean_log.js
2023-04-02 00:05:45,262 INFO 30112 [egg-schedule]: register schedule /Users/liuyibo/project/learn/test-cli/lyb-cli/example/egg-vue2-example/node_modules/egg-logrotator/app/schedule/rotate_by_file.js
2023-04-02 17:07:12,786 INFO 31910 [Timer] /Users/liuyibo/project/learn/test-cli/lyb-cli/example/egg-vue2-example/node_modules/egg-multipart/app/schedule/clean_tmpdir.js next time will execute after 40967216ms at 2023-04-03 04:30:00.002
2023-04-02 17:07:12,786 INFO 31910 [Timer] /Users/liuyibo/project/learn/test-cli/lyb-cli/example/egg-vue2-example/node_modules/egg-logrotator/app/schedule/clean_log.js next time will execute after 24767214ms at 2023-04-03 00:00:00.000
2023-04-02 17:07:12,786 INFO 31910 [Timer] /Users/liuyibo/project/learn/test-cli/lyb-cli/example/egg-vue2-example/node_modules/egg-logrotator/app/schedule/rotate_by_file.js next time will execute after 24768214ms at 2023-04-03 00:00:01.000
2023-04-02 17:07:12,708 INFO 31913 [egg-schedule]: register schedule /Users/liuyibo/project/learn/test-cli/lyb-cli/example/egg-vue2-example/node_modules/egg-multipart/app/schedule/clean_tmpdir.js
2023-04-02 17:07:12,708 INFO 31913 [egg-schedule]: register schedule /Users/liuyibo/project/learn/test-cli/lyb-cli/example/egg-vue2-example/node_modules/egg-logrotator/app/schedule/clean_log.js
2023-04-02 17:07:12,708 INFO 31913 [egg-schedule]: register schedule /Users/liuyibo/project/learn/test-cli/lyb-cli/example/egg-vue2-example/node_modules/egg-logrotator/app/schedule/rotate_by_file.js
2023-04-02 17:18:04,731 INFO 32250 [Timer] /Users/liuyibo/project/learn/test-cli/lyb-cli/example/egg-vue2-example/node_modules/egg-multipart/app/schedule/clean_tmpdir.js next time will execute after 40315271ms at 2023-04-03 04:30:00.002
2023-04-02 17:18:04,731 INFO 32250 [Timer] /Users/liuyibo/project/learn/test-cli/lyb-cli/example/egg-vue2-example/node_modules/egg-logrotator/app/schedule/clean_log.js next time will execute after 24115269ms at 2023-04-03 00:00:00.000
2023-04-02 17:18:04,731 INFO 32250 [Timer] /Users/liuyibo/project/learn/test-cli/lyb-cli/example/egg-vue2-example/node_modules/egg-logrotator/app/schedule/rotate_by_file.js next time will execute after 24116269ms at 2023-04-03 00:00:01.000
2023-04-02 17:18:04,646 INFO 32253 [egg-schedule]: register schedule /Users/liuyibo/project/learn/test-cli/lyb-cli/example/egg-vue2-example/node_modules/egg-multipart/app/schedule/clean_tmpdir.js
2023-04-02 17:18:04,646 INFO 32253 [egg-schedule]: register schedule /Users/liuyibo/project/learn/test-cli/lyb-cli/example/egg-vue2-example/node_modules/egg-logrotator/app/schedule/clean_log.js
2023-04-02 17:18:04,646 INFO 32253 [egg-schedule]: register schedule /Users/liuyibo/project/learn/test-cli/lyb-cli/example/egg-vue2-example/node_modules/egg-logrotator/app/schedule/rotate_by_file.js
2023-04-02 18:01:30,797 INFO 32860 [Timer] /Users/liuyibo/project/learn/test-cli/lyb-cli/example/egg-vue2-example/node_modules/egg-multipart/app/schedule/clean_tmpdir.js next time will execute after 37709204ms at 2023-04-03 04:30:00.001
2023-04-02 18:01:30,797 INFO 32860 [Timer] /Users/liuyibo/project/learn/test-cli/lyb-cli/example/egg-vue2-example/node_modules/egg-logrotator/app/schedule/clean_log.js next time will execute after 21509203ms at 2023-04-03 00:00:00.000
2023-04-02 18:01:30,798 INFO 32860 [Timer] /Users/liuyibo/project/learn/test-cli/lyb-cli/example/egg-vue2-example/node_modules/egg-logrotator/app/schedule/rotate_by_file.js next time will execute after 21510202ms at 2023-04-03 00:00:01.000
2023-04-02 18:01:30,712 INFO 32863 [egg-schedule]: register schedule /Users/liuyibo/project/learn/test-cli/lyb-cli/example/egg-vue2-example/node_modules/egg-multipart/app/schedule/clean_tmpdir.js
2023-04-02 18:01:30,712 INFO 32863 [egg-schedule]: register schedule /Users/liuyibo/project/learn/test-cli/lyb-cli/example/egg-vue2-example/node_modules/egg-logrotator/app/schedule/clean_log.js
2023-04-02 18:01:30,712 INFO 32863 [egg-schedule]: register schedule /Users/liuyibo/project/learn/test-cli/lyb-cli/example/egg-vue2-example/node_modules/egg-logrotator/app/schedule/rotate_by_file.js
